#1 [internal] load build definition from Dockerfile
#1 sha256:59007c34fca4981dd975147fcc8a28dfe6674fa27a1f48d85009f52640ab5bd1
#1 transferring dockerfile: 1.39kB done
#1 DONE 0.0s

#2 [internal] load .dockerignore
#2 sha256:654ba357c0733c498a78576b60b156ce924c171b8c41bc838555f5ff47f430e4
#2 transferring context: 2B done
#2 DONE 0.0s

#3 [internal] load metadata for docker.io/rocker/rstudio:latest-daily@sha256:ad4dca6727c6d996a3c75f34d11090c16d1a4e1f2f7f88ae5387cc4c3f897109
#3 sha256:c07bed285cbfe34c9e571814e0ccf7930ff715f212a03992785cf966135e7ca6
#3 ...

#4 [auth] rocker/rstudio:pull token for registry-1.docker.io
#4 sha256:1975f80165d953bcbda3ff41239435feaf14880a42134908f7e59e6b72e89836
#4 DONE 0.0s

#3 [internal] load metadata for docker.io/rocker/rstudio:latest-daily@sha256:ad4dca6727c6d996a3c75f34d11090c16d1a4e1f2f7f88ae5387cc4c3f897109
#3 sha256:c07bed285cbfe34c9e571814e0ccf7930ff715f212a03992785cf966135e7ca6
#3 DONE 2.2s

#5 [ 1/11] FROM docker.io/rocker/rstudio:latest-daily@sha256:ad4dca6727c6d996a3c75f34d11090c16d1a4e1f2f7f88ae5387cc4c3f897109
#5 sha256:593bbdc328b6c95d3262e23da845a4210665ae783f34b30fb76c0e74d79a79d3
#5 DONE 0.0s

#9 [internal] load build context
#9 sha256:35c282e86ff2a48bc9de4e81e97764a704cedf7dd77edd113dc2cdd967efc46d
#9 transferring context: 70B done
#9 DONE 0.0s

#6 [ 2/11] RUN apt-get update && apt-get install -y --no-install-recommends clang
#6 sha256:59bd47fd23afd9f90d096e103d44f3e6c3952d3bcd1afa19e75b8ee2ec7db18f
#6 CACHED

#11 [ 6/11] RUN ["r", "install_r.R"]
#11 sha256:fddfbc37547a4e92f21b3029a83c488a98dac579c76b44d915bd52ec902d3e36
#11 CACHED

#13 [ 8/11] RUN ["r", "install_cmdstan.R"]
#13 sha256:ef8aa2dafd5838854defbc25203e816e36f440ca56718b7c4e4e352a6be42432
#13 CACHED

#7 [ 3/11] RUN echo 'options(repos = c(CRAN = "https://packagemanager.rstudio.com/cran/2023-04-21"), download.file.method = "libcurl")' >> $(Rscript -e 'cat(R.home())')/etc/Rprofile.site
#7 sha256:05ba0c038c092777de2569050145a5d5130ff9ebc1add5382776e02a0b95ce3b
#7 CACHED

#8 [ 4/11] RUN apt-get update && apt-get install -y --no-install-recommends libgit2-dev libfontconfig1-dev libharfbuzz-dev libfribidi-dev libfreetype6-dev libpng-dev libtiff5-dev libjpeg-dev libxml2-dev libcairo2-dev libsqlite-dev libmariadbd-dev libpq-dev libssh2-1-dev unixodbc-dev libsasl2-dev
#8 sha256:0b955fbe1cd6c85017a935c8ca6d647971755b1c1b4be1df05dda0daa9376e9a
#8 CACHED

#10 [ 5/11] COPY install_r.R install_r.R
#10 sha256:e57c4479594a29c0a8733f0e9f9618d010f10a3670297d3f9441f5d9c1454080
#10 CACHED

#12 [ 7/11] COPY install_cmdstan.R install_cmdstan.R
#12 sha256:6bc458088cc5c6daa624cfa5a75614d1417f9e8ce9eec6d3dad8fb4710197490
#12 CACHED

#14 [ 9/11] RUN Rscript -e "install.packages('gsubfn')"
#14 sha256:e36a953b080fa7234732931d4134ce90586fdb0cec4b11238ccbaacbfb5243d7
#14 CACHED

#15 [10/11] RUN apt-get update && apt-get install -y --no-install-recommends libxt-dev
#15 sha256:e4b98cadbb16f0d403b14e08d0d3481df2688b19a09687a63c55cc38133727e5
#15 CACHED

#16 [11/11] RUN Rscript -e "install.packages('bit64')"
#16 sha256:b67477c30305b5f18676d32d1c2a802a4cae7084035534712873ffcd03788aa4
#16 0.245 Installing package into ‘/usr/local/lib/R/site-library’
#16 0.245 (as ‘lib’ is unspecified)
#16 3.441 also installing the dependency ‘bit’
#16 3.441 
#16 3.442 trying URL 'https://packagemanager.rstudio.com/cran/2023-04-21/src/contrib/bit_4.0.5.tar.gz'
#16 4.855 Content type 'binary/octet-stream' length 828762 bytes (809 KB)
#16 4.861 ==================================================
#16 5.007 downloaded 809 KB
#16 5.007 
#16 5.016 trying URL 'https://packagemanager.rstudio.com/cran/2023-04-21/src/contrib/bit64_4.0.5.tar.gz'
#16 7.145 Content type 'binary/octet-stream' length 135852 bytes (132 KB)
#16 7.145 ==================================================
#16 7.305 downloaded 132 KB
#16 7.305 
#16 7.505 * installing *source* package ‘bit’ ...
#16 7.509 ** package ‘bit’ successfully unpacked and MD5 sums checked
#16 7.509 ** using staged installation
#16 7.515 ** libs
#16 7.524 using C compiler: ‘gcc (Ubuntu 11.3.0-1ubuntu1~22.04) 11.3.0’
#16 7.526 gcc -I"/usr/local/lib/R/include" -DNDEBUG   -I/usr/local/include    -fPIC  -g -O2 -fstack-protector-strong -Wformat -Werror=format-security -Wdate-time -D_FORTIFY_SOURCE=2 -g  -c attrutil.c -o attrutil.o
#16 7.555 gcc -I"/usr/local/lib/R/include" -DNDEBUG   -I/usr/local/include    -fPIC  -g -O2 -fstack-protector-strong -Wformat -Werror=format-security -Wdate-time -D_FORTIFY_SOURCE=2 -g  -c bit.c -o bit.o
#16 8.113 gcc -I"/usr/local/lib/R/include" -DNDEBUG   -I/usr/local/include    -fPIC  -g -O2 -fstack-protector-strong -Wformat -Werror=format-security -Wdate-time -D_FORTIFY_SOURCE=2 -g  -c chunkutil.c -o chunkutil.o
#16 8.148 gcc -I"/usr/local/lib/R/include" -DNDEBUG   -I/usr/local/include    -fPIC  -g -O2 -fstack-protector-strong -Wformat -Werror=format-security -Wdate-time -D_FORTIFY_SOURCE=2 -g  -c clone.c -o clone.o
#16 8.176 gcc -I"/usr/local/lib/R/include" -DNDEBUG   -I/usr/local/include    -fPIC  -g -O2 -fstack-protector-strong -Wformat -Werror=format-security -Wdate-time -D_FORTIFY_SOURCE=2 -g  -c init.c -o init.o
#16 8.208 gcc -I"/usr/local/lib/R/include" -DNDEBUG   -I/usr/local/include    -fPIC  -g -O2 -fstack-protector-strong -Wformat -Werror=format-security -Wdate-time -D_FORTIFY_SOURCE=2 -g  -c integerutil.c -o integerutil.o
#16 8.305 gcc -I"/usr/local/lib/R/include" -DNDEBUG   -I/usr/local/include    -fPIC  -g -O2 -fstack-protector-strong -Wformat -Werror=format-security -Wdate-time -D_FORTIFY_SOURCE=2 -g  -c merge.c -o merge.o
#16 8.871 gcc -I"/usr/local/lib/R/include" -DNDEBUG   -I/usr/local/include    -fPIC  -g -O2 -fstack-protector-strong -Wformat -Werror=format-security -Wdate-time -D_FORTIFY_SOURCE=2 -g  -c rle.c -o rle.o
#16 8.938 gcc -I"/usr/local/lib/R/include" -DNDEBUG   -I/usr/local/include    -fPIC  -g -O2 -fstack-protector-strong -Wformat -Werror=format-security -Wdate-time -D_FORTIFY_SOURCE=2 -g  -c sort.c -o sort.o
#16 9.000 gcc -shared -L/usr/local/lib/R/lib -L/usr/local/lib -o bit.so attrutil.o bit.o chunkutil.o clone.o init.o integerutil.o merge.o rle.o sort.o -L/usr/local/lib/R/lib -lR
#16 9.017 installing to /usr/local/lib/R/site-library/00LOCK-bit/00new/bit/libs
#16 9.018 ** R
#16 9.028 ** inst
#16 9.029 ** byte-compile and prepare package for lazy loading
#16 9.715 ** help
#16 9.790 *** installing help indices
#16 9.841 ** building package indices
#16 9.989 ** installing vignettes
#16 9.994 ** testing if installed package can be loaded from temporary location
#16 10.11 ** checking absolute paths in shared objects and dynamic libraries
#16 10.12 ** testing if installed package can be loaded from final location
#16 10.24 ** testing if installed package keeps a record of temporary installation path
#16 10.24 * DONE (bit)
#16 10.40 * installing *source* package ‘bit64’ ...
#16 10.40 ** package ‘bit64’ successfully unpacked and MD5 sums checked
#16 10.40 ** using staged installation
#16 10.41 ** libs
#16 10.42 using C compiler: ‘gcc (Ubuntu 11.3.0-1ubuntu1~22.04) 11.3.0’
#16 10.42 gcc -I"/usr/local/lib/R/include" -DNDEBUG   -I/usr/local/include    -fPIC  -g -O2 -fstack-protector-strong -Wformat -Werror=format-security -Wdate-time -D_FORTIFY_SOURCE=2 -g  -c bsearch.c -o bsearch.o
#16 10.65 gcc -I"/usr/local/lib/R/include" -DNDEBUG   -I/usr/local/include    -fPIC  -g -O2 -fstack-protector-strong -Wformat -Werror=format-security -Wdate-time -D_FORTIFY_SOURCE=2 -g  -c cache.c -o cache.o
#16 10.67 gcc -I"/usr/local/lib/R/include" -DNDEBUG   -I/usr/local/include    -fPIC  -g -O2 -fstack-protector-strong -Wformat -Werror=format-security -Wdate-time -D_FORTIFY_SOURCE=2 -g  -c hash64.c -o hash64.o
#16 10.80 gcc -I"/usr/local/lib/R/include" -DNDEBUG   -I/usr/local/include    -fPIC  -g -O2 -fstack-protector-strong -Wformat -Werror=format-security -Wdate-time -D_FORTIFY_SOURCE=2 -g  -c init.c -o init.o
#16 10.83 gcc -I"/usr/local/lib/R/include" -DNDEBUG   -I/usr/local/include    -fPIC  -g -O2 -fstack-protector-strong -Wformat -Werror=format-security -Wdate-time -D_FORTIFY_SOURCE=2 -g  -c integer64.c -o integer64.o
#16 11.07 gcc -I"/usr/local/lib/R/include" -DNDEBUG   -I/usr/local/include    -fPIC  -g -O2 -fstack-protector-strong -Wformat -Werror=format-security -Wdate-time -D_FORTIFY_SOURCE=2 -g  -c sort64.c -o sort64.o
#16 11.48 gcc -I"/usr/local/lib/R/include" -DNDEBUG   -I/usr/local/include    -fPIC  -g -O2 -fstack-protector-strong -Wformat -Werror=format-security -Wdate-time -D_FORTIFY_SOURCE=2 -g  -c sortuse64.c -o sortuse64.o
#16 11.75 gcc -shared -L/usr/local/lib/R/lib -L/usr/local/lib -o bit64.so bsearch.o cache.o hash64.o init.o integer64.o sort64.o sortuse64.o -lm -L/usr/local/lib/R/lib -lR
#16 11.77 installing to /usr/local/lib/R/site-library/00LOCK-bit64/00new/bit64/libs
#16 11.78 ** R
#16 11.79 ** data
#16 11.79 ** exec
#16 11.79 ** inst
#16 11.79 ** byte-compile and prepare package for lazy loading
#16 12.68 ** help
#16 12.76 *** installing help indices
#16 12.81 ** building package indices
#16 12.96 ** testing if installed package can be loaded from temporary location
#16 13.10 ** checking absolute paths in shared objects and dynamic libraries
#16 13.11 ** testing if installed package can be loaded from final location
#16 13.26 ** testing if installed package keeps a record of temporary installation path
#16 13.26 * DONE (bit64)
#16 13.28 
#16 13.28 The downloaded source packages are in
#16 13.28 	‘/tmp/Rtmpsrg6tD/downloaded_packages’
#16 DONE 13.3s

#17 exporting to image
#17 sha256:e8c613e07b0b7ff33893b694f7759a10d42e180f2b4dc349fb57dc6b71dcab00
#17 exporting layers 0.0s done
#17 writing image sha256:6448d59a4a8d3aef98a177ce0751f8056979eac2d45a4ef1c3201f021ced4756 done
#17 naming to docker.io/yanivabir/coup:v1.0 done
#17 DONE 0.0s
